<?xml version="1.0" encoding="UTF-8"?>
<testsuite name="TestNamedArguments" tests="1" skipped="0" failures="0" errors="0" timestamp="2019-02-27T14:23:56" hostname="macpro.local" time="0.017">
  <properties/>
  <testcase name="testJoinToString" classname="TestNamedArguments" time="0.017"/>
  <system-out><![CDATA[]]></system-out>
  <system-err><![CDATA[]]></system-err>
</testsuite>
