<?xml version="1.0" encoding="UTF-8"?>
<testsuite name="demo.TestSource" tests="1" skipped="0" failures="0" errors="0" timestamp="2019-01-19T20:27:47" hostname="macpro.local" time="0.013">
  <properties/>
  <testcase name="f" classname="demo.TestSource" time="0.013"/>
  <system-out><![CDATA[]]></system-out>
  <system-err><![CDATA[]]></system-err>
</testsuite>
